生成启动时间为 2016/6/3 13:23:49。
     1>项目“D:\ART\USB2831\Samples\VC\Advanced\Sys.vcxproj”在节点 2 上(build 个目标)。
     1>InitializeBuildStatus:
         正在创建“.\x86\Debug\Sys.unsuccessfulbuild”，因为已指定“AlwaysCreate”。
       ClCompile:
         所有输出均为最新。
         d:\Program Files (x86)\Microsoft Visual Studio 10.0\VC\bin\CL.exe /c /ZI /nologo /W3 /WX- /Od /Oy- /D WIN32 /D _DEBUG /D _WINDOWS /D _VC80_UPGRADE=0x0600 /D _UNICODE /D UNICODE /Gm /EHsc /RTC1 /MTd /GS /fp:precise /Zc:wchar_t /Zc:forScope /Yu"StdAfx.h" /Fp".\x86\Debug\Sys.pch" /Fo".\x86\Debug\\" /Fd".\x86\Debug\vc100.pdb" /FR".\x86\Debug\\" /Gd /TP /analyze- /errorReport:prompt MdiClient.cpp
         MdiClient.cpp
       ResourceCompile:
         所有输出均为最新。
       ManifestResourceCompile:
         所有输出均为最新。
       Link:
         d:\Program Files (x86)\Microsoft Visual Studio 10.0\VC\bin\link.exe /ERRORREPORT:PROMPT /OUT:".\x86\Debug\Sys.exe" /INCREMENTAL /NOLOGO /MANIFEST /ManifestFile:".\x86\Debug\Sys.exe.intermediate.manifest" /MANIFESTUAC:NO /DEBUG /PDB:"D:\ART\USB2831\Samples\VC\Advanced\x86\Debug\Sys.pdb" /SUBSYSTEM:WINDOWS /TLBID:1 /ENTRY:"wWinMainCRTStartup" /DYNAMICBASE /NXCOMPAT /IMPLIB:".\x86\Debug\Sys.lib" /MACHINE:X86 .\x86\Debug\Sys.res
         .\x86\Debug\Sys.exe.embed.manifest.res
         .\x86\Debug\ADDigitView.obj
         .\x86\Debug\ADDoc.obj
         .\x86\Debug\ADFrm.obj
         .\x86\Debug\ADHistDigitView.obj
         .\x86\Debug\ADHistDoc.obj
         .\x86\Debug\ADHistFrm.obj
         .\x86\Debug\ADHistScope.obj
         .\x86\Debug\ADHistWaveView.obj
         .\x86\Debug\ADParaCfgView.obj
         .\x86\Debug\ADScopeCtrl.obj
         .\x86\Debug\ADStatusView.obj
         .\x86\Debug\ADThread.obj
         .\x86\Debug\ADWaveView.obj
         .\x86\Debug\BalloonHelp.obj
         .\x86\Debug\CfgCtrlBar.obj
         .\x86\Debug\CfgTabCtrlBar.obj
         .\x86\Debug\DADoc.obj
         .\x86\Debug\DAFrm.obj
         .\x86\Debug\DAView.obj
         .\x86\Debug\DIODoc.obj
         .\x86\Debug\DIOFrm.obj
         .\x86\Debug\DIOView.obj
         .\x86\Debug\GlobalVar.obj
         .\x86\Debug\MainFrm.obj
         .\x86\Debug\MdiClient.obj
         .\x86\Debug\MTabWnd.obj
         .\x86\Debug\PopupMenu.obj
         .\x86\Debug\QSortData.obj
         .\x86\Debug\StdAfx.obj
         .\x86\Debug\Sys.obj
         .\x86\Debug\TabCtrlBarDoc.obj
         .\x86\Debug\TabCtrlDoc.obj
       Manifest:
         C:\Program Files (x86)\Microsoft SDKs\Windows\v7.0A\bin\mt.exe /nologo /verbose /out:".\x86\Debug\Sys.exe.embed.manifest" /manifest .\x86\Debug\Sys.exe.intermediate.manifest rt_manif32.bin "d:\Program Files (x86)\Microsoft Visual Studio 10.0\VC\Include\Manifest\dpiaware.manifest"
         
     1>rt_manif32.bin : manifest authoring warning 81010002: Unrecognized Element "autoElevate" in namespace "http://schemas.microsoft.com/SMI/2005/WindowsSettings".
         
         所有输出均为最新。
       LinkEmbedManifest:
         所有输出均为最新。
         Sys.vcxproj -> D:\ART\USB2831\Samples\VC\Advanced\.\x86\Debug\Sys.exe
       BscMake:
         所有输出均为最新。
       FinalizeBuildStatus:
         正在删除文件“.\x86\Debug\Sys.unsuccessfulbuild”。
         正在对“.\x86\Debug\Sys.lastbuildstate”执行 Touch 任务。
     1>已完成生成项目“D:\ART\USB2831\Samples\VC\Advanced\Sys.vcxproj”(build 个目标)的操作。

生成成功。

已用时间 00:00:08.80
