.\x86\Debug\Sys.bsc
.\x86\Debug\Sys.pdb
D:\ART\USB2831\Samples\VC\Advanced\.\x86\Debug\Sys.exe.intermediate.manifest
D:\ART\USB2831\SAMPLES\VC\ADVANCED\SYSDBG_32.EXE
D:\ART\USB2831\SAMPLES\VC\ADVANCED\SYSDBG_32.ILK
D:\ART\USB2831\SAMPLES\VC\ADVANCED\X86\DEBUG\ADDIGITVIEW.OBJ
D:\ART\USB2831\SAMPLES\VC\ADVANCED\X86\DEBUG\ADDIGITVIEW.SBR
D:\ART\USB2831\SAMPLES\VC\ADVANCED\X86\DEBUG\ADDOC.OBJ
D:\ART\USB2831\SAMPLES\VC\ADVANCED\X86\DEBUG\ADDOC.SBR
D:\ART\USB2831\SAMPLES\VC\ADVANCED\X86\DEBUG\ADFRM.OBJ
D:\ART\USB2831\SAMPLES\VC\ADVANCED\X86\DEBUG\ADFRM.SBR
D:\ART\USB2831\SAMPLES\VC\ADVANCED\X86\DEBUG\ADHISTDIGITVIEW.OBJ
D:\ART\USB2831\SAMPLES\VC\ADVANCED\X86\DEBUG\ADHISTDIGITVIEW.SBR
D:\ART\USB2831\SAMPLES\VC\ADVANCED\X86\DEBUG\ADHISTDOC.OBJ
D:\ART\USB2831\SAMPLES\VC\ADVANCED\X86\DEBUG\ADHISTDOC.SBR
D:\ART\USB2831\SAMPLES\VC\ADVANCED\X86\DEBUG\ADHISTFRM.OBJ
D:\ART\USB2831\SAMPLES\VC\ADVANCED\X86\DEBUG\ADHISTFRM.SBR
D:\ART\USB2831\SAMPLES\VC\ADVANCED\X86\DEBUG\ADHISTSCOPE.OBJ
D:\ART\USB2831\SAMPLES\VC\ADVANCED\X86\DEBUG\ADHISTSCOPE.SBR
D:\ART\USB2831\SAMPLES\VC\ADVANCED\X86\DEBUG\ADHISTWAVEVIEW.OBJ
D:\ART\USB2831\SAMPLES\VC\ADVANCED\X86\DEBUG\ADHISTWAVEVIEW.SBR
D:\ART\USB2831\SAMPLES\VC\ADVANCED\X86\DEBUG\ADPARACFGVIEW.OBJ
D:\ART\USB2831\SAMPLES\VC\ADVANCED\X86\DEBUG\ADPARACFGVIEW.SBR
D:\ART\USB2831\SAMPLES\VC\ADVANCED\X86\DEBUG\ADSCOPECTRL.OBJ
D:\ART\USB2831\SAMPLES\VC\ADVANCED\X86\DEBUG\ADSCOPECTRL.SBR
D:\ART\USB2831\SAMPLES\VC\ADVANCED\X86\DEBUG\ADSTATUSVIEW.OBJ
D:\ART\USB2831\SAMPLES\VC\ADVANCED\X86\DEBUG\ADSTATUSVIEW.SBR
D:\ART\USB2831\SAMPLES\VC\ADVANCED\X86\DEBUG\ADTHREAD.OBJ
D:\ART\USB2831\SAMPLES\VC\ADVANCED\X86\DEBUG\ADTHREAD.SBR
D:\ART\USB2831\SAMPLES\VC\ADVANCED\X86\DEBUG\ADWAVEVIEW.OBJ
D:\ART\USB2831\SAMPLES\VC\ADVANCED\X86\DEBUG\ADWAVEVIEW.SBR
D:\ART\USB2831\SAMPLES\VC\ADVANCED\X86\DEBUG\BALLOONHELP.OBJ
D:\ART\USB2831\SAMPLES\VC\ADVANCED\X86\DEBUG\BALLOONHELP.SBR
D:\ART\USB2831\Samples\VC\Advanced\x86\Debug\BscMake.command.1.tlog
D:\ART\USB2831\Samples\VC\Advanced\x86\Debug\bscmake.read.1.tlog
D:\ART\USB2831\Samples\VC\Advanced\x86\Debug\bscmake.write.1.tlog
D:\ART\USB2831\SAMPLES\VC\ADVANCED\X86\DEBUG\CFGCTRLBAR.OBJ
D:\ART\USB2831\SAMPLES\VC\ADVANCED\X86\DEBUG\CFGCTRLBAR.SBR
D:\ART\USB2831\SAMPLES\VC\ADVANCED\X86\DEBUG\CFGTABCTRLBAR.OBJ
D:\ART\USB2831\SAMPLES\VC\ADVANCED\X86\DEBUG\CFGTABCTRLBAR.SBR
D:\ART\USB2831\Samples\VC\Advanced\x86\Debug\cl.command.1.tlog
D:\ART\USB2831\Samples\VC\Advanced\x86\Debug\CL.read.1.tlog
D:\ART\USB2831\Samples\VC\Advanced\x86\Debug\CL.write.1.tlog
D:\ART\USB2831\SAMPLES\VC\ADVANCED\X86\DEBUG\DADOC.OBJ
D:\ART\USB2831\SAMPLES\VC\ADVANCED\X86\DEBUG\DADOC.SBR
D:\ART\USB2831\SAMPLES\VC\ADVANCED\X86\DEBUG\DAFRM.OBJ
D:\ART\USB2831\SAMPLES\VC\ADVANCED\X86\DEBUG\DAFRM.SBR
D:\ART\USB2831\SAMPLES\VC\ADVANCED\X86\DEBUG\DAVIEW.OBJ
D:\ART\USB2831\SAMPLES\VC\ADVANCED\X86\DEBUG\DAVIEW.SBR
D:\ART\USB2831\SAMPLES\VC\ADVANCED\X86\DEBUG\DIODOC.OBJ
D:\ART\USB2831\SAMPLES\VC\ADVANCED\X86\DEBUG\DIODOC.SBR
D:\ART\USB2831\SAMPLES\VC\ADVANCED\X86\DEBUG\DIOFRM.OBJ
D:\ART\USB2831\SAMPLES\VC\ADVANCED\X86\DEBUG\DIOFRM.SBR
D:\ART\USB2831\SAMPLES\VC\ADVANCED\X86\DEBUG\DIOVIEW.OBJ
D:\ART\USB2831\SAMPLES\VC\ADVANCED\X86\DEBUG\DIOVIEW.SBR
D:\ART\USB2831\SAMPLES\VC\ADVANCED\X86\DEBUG\GLOBALVAR.OBJ
D:\ART\USB2831\SAMPLES\VC\ADVANCED\X86\DEBUG\GLOBALVAR.SBR
D:\ART\USB2831\Samples\VC\Advanced\x86\Debug\link.command.1.tlog
D:\ART\USB2831\Samples\VC\Advanced\x86\Debug\link.read.1.tlog
D:\ART\USB2831\Samples\VC\Advanced\x86\Debug\link.write.1.tlog
D:\ART\USB2831\Samples\VC\Advanced\x86\Debug\link-cvtres.read.1.tlog
D:\ART\USB2831\Samples\VC\Advanced\x86\Debug\link-cvtres.write.1.tlog
D:\ART\USB2831\SAMPLES\VC\ADVANCED\X86\DEBUG\MAINFRM.OBJ
D:\ART\USB2831\SAMPLES\VC\ADVANCED\X86\DEBUG\MAINFRM.SBR
D:\ART\USB2831\SAMPLES\VC\ADVANCED\X86\DEBUG\MDICLIENT.OBJ
D:\ART\USB2831\SAMPLES\VC\ADVANCED\X86\DEBUG\MDICLIENT.SBR
D:\ART\USB2831\Samples\VC\Advanced\x86\Debug\mt.command.1.tlog
D:\ART\USB2831\Samples\VC\Advanced\x86\Debug\mt.read.1.tlog
D:\ART\USB2831\Samples\VC\Advanced\x86\Debug\mt.write.1.tlog
D:\ART\USB2831\SAMPLES\VC\ADVANCED\X86\DEBUG\MTABWND.OBJ
D:\ART\USB2831\SAMPLES\VC\ADVANCED\X86\DEBUG\MTABWND.SBR
D:\ART\USB2831\SAMPLES\VC\ADVANCED\X86\DEBUG\POPUPMENU.OBJ
D:\ART\USB2831\SAMPLES\VC\ADVANCED\X86\DEBUG\POPUPMENU.SBR
D:\ART\USB2831\SAMPLES\VC\ADVANCED\X86\DEBUG\QSORTDATA.OBJ
D:\ART\USB2831\SAMPLES\VC\ADVANCED\X86\DEBUG\QSORTDATA.SBR
D:\ART\USB2831\Samples\VC\Advanced\x86\Debug\rc.command.1.tlog
D:\ART\USB2831\Samples\VC\Advanced\x86\Debug\rc.read.1.tlog
D:\ART\USB2831\Samples\VC\Advanced\x86\Debug\rc.write.1.tlog
D:\ART\USB2831\SAMPLES\VC\ADVANCED\X86\DEBUG\STDAFX.OBJ
D:\ART\USB2831\SAMPLES\VC\ADVANCED\X86\DEBUG\STDAFX.SBR
D:\ART\USB2831\SAMPLES\VC\ADVANCED\X86\DEBUG\SYS.BSC
D:\ART\USB2831\SAMPLES\VC\ADVANCED\X86\DEBUG\SYS.EXE.EMBED.MANIFEST
D:\ART\USB2831\SAMPLES\VC\ADVANCED\X86\DEBUG\SYS.EXE.EMBED.MANIFEST.RES
D:\ART\USB2831\SAMPLES\VC\ADVANCED\X86\DEBUG\SYS.EXE.INTERMEDIATE.MANIFEST
D:\ART\USB2831\SAMPLES\VC\ADVANCED\X86\DEBUG\SYS.OBJ
D:\ART\USB2831\SAMPLES\VC\ADVANCED\X86\DEBUG\SYS.PCH
D:\ART\USB2831\SAMPLES\VC\ADVANCED\X86\DEBUG\SYS.PDB
D:\ART\USB2831\SAMPLES\VC\ADVANCED\X86\DEBUG\SYS.RES
D:\ART\USB2831\SAMPLES\VC\ADVANCED\X86\DEBUG\SYS.SBR
D:\ART\USB2831\Samples\VC\Advanced\x86\Debug\Sys.write.1.tlog
D:\ART\USB2831\Samples\VC\Advanced\x86\Debug\Sys_manifest.rc
D:\ART\USB2831\SAMPLES\VC\ADVANCED\X86\DEBUG\TABCTRLBARDOC.OBJ
D:\ART\USB2831\SAMPLES\VC\ADVANCED\X86\DEBUG\TABCTRLBARDOC.SBR
D:\ART\USB2831\SAMPLES\VC\ADVANCED\X86\DEBUG\TABCTRLDOC.OBJ
D:\ART\USB2831\SAMPLES\VC\ADVANCED\X86\DEBUG\TABCTRLDOC.SBR
D:\ART\USB2831\Samples\VC\Advanced\x86\Debug\vc100.idb
D:\ART\USB2831\SAMPLES\VC\ADVANCED\X86\DEBUG\VC100.PDB
