生成启动时间为 2016/6/2 23:56:01。
     1>项目“D:\ART\USB2831\Samples\VC\Advanced\Sys.vcxproj”在节点 2 上(build 个目标)。
     1>InitializeBuildStatus:
         正在对“.\x64\Debug\Sys.unsuccessfulbuild”执行 Touch 任务。
       ClCompile:
         d:\Program Files (x86)\Microsoft Visual Studio 10.0\VC\bin\x86_amd64\CL.exe /c /Zi /nologo /W3 /WX- /Od /D WIN32 /D _DEBUG /D _WINDOWS /D _VC80_UPGRADE=0x0600 /D _UNICODE /D UNICODE /Gm /EHsc /RTC1 /MTd /GS /fp:precise /Zc:wchar_t /Zc:forScope /Fo".\x64\Debug\\" /Fd".\x64\Debug\vc100.pdb" /FR".\x64\Debug\\" /Gd /TP /errorReport:prompt ADDigitView.cpp ADDoc.cpp ADFrm.cpp ADHistDigitView.cpp ADHistDoc.cpp ADHistFrm.cpp ADHistScope.cpp ADHistWaveView.cpp ADParaCfgView.cpp ADScopeCtrl.cpp ADStatusView.cpp ADThread.cpp ADWaveView.cpp BalloonHelp.cpp CfgCtrlBar.cpp CfgTabCtrlBar.cpp DADoc.cpp DAFrm.cpp DAView.cpp DIODoc.cpp DIOFrm.cpp DIOView.cpp GlobalVar.cpp MainFrm.cpp MdiClient.cpp MTabWnd.cpp PopupMenu.cpp QSortData.cpp StdAfx.cpp Sys.cpp TabCtrlBarDoc.cpp TabCtrlDoc.cpp
         TabCtrlDoc.cpp
         _WIN32_WINNT not defined. Defaulting to _WIN32_WINNT_MAXVER (see WinSDKVer.h)
         ======== Welcome to use our art company's products!
         ======== Automatically linking with USB2831_64.dll...
         ======== Successfully linked with USB2831_64.dll
         _ThunkImpl/ is implemented for X86 only!
         TabCtrlBarDoc.cpp
         _WIN32_WINNT not defined. Defaulting to _WIN32_WINNT_MAXVER (see WinSDKVer.h)
         ======== Welcome to use our art company's products!
         ======== Automatically linking with USB2831_64.dll...
         ======== Successfully linked with USB2831_64.dll
         _ThunkImpl/ is implemented for X86 only!
         Sys.cpp
         _WIN32_WINNT not defined. Defaulting to _WIN32_WINNT_MAXVER (see WinSDKVer.h)
         ======== Welcome to use our art company's products!
         ======== Automatically linking with USB2831_64.dll...
         ======== Successfully linked with USB2831_64.dll
         _ThunkImpl/ is implemented for X86 only!
         StdAfx.cpp
         _WIN32_WINNT not defined. Defaulting to _WIN32_WINNT_MAXVER (see WinSDKVer.h)
         ======== Welcome to use our art company's products!
         ======== Automatically linking with USB2831_64.dll...
         ======== Successfully linked with USB2831_64.dll
         _ThunkImpl/ is implemented for X86 only!
         QSortData.cpp
         _WIN32_WINNT not defined. Defaulting to _WIN32_WINNT_MAXVER (see WinSDKVer.h)
         ======== Welcome to use our art company's products!
         ======== Automatically linking with USB2831_64.dll...
         ======== Successfully linked with USB2831_64.dll
         _ThunkImpl/ is implemented for X86 only!
         PopupMenu.cpp
         _WIN32_WINNT not defined. Defaulting to _WIN32_WINNT_MAXVER (see WinSDKVer.h)
         ======== Welcome to use our art company's products!
         ======== Automatically linking with USB2831_64.dll...
         ======== Successfully linked with USB2831_64.dll
         _ThunkImpl/ is implemented for X86 only!
         MTabWnd.cpp
         _WIN32_WINNT not defined. Defaulting to _WIN32_WINNT_MAXVER (see WinSDKVer.h)
         ======== Welcome to use our art company's products!
         ======== Automatically linking with USB2831_64.dll...
         ======== Successfully linked with USB2831_64.dll
         _ThunkImpl/ is implemented for X86 only!
         MdiClient.cpp
         _WIN32_WINNT not defined. Defaulting to _WIN32_WINNT_MAXVER (see WinSDKVer.h)
         ======== Welcome to use our art company's products!
         ======== Automatically linking with USB2831_64.dll...
         ======== Successfully linked with USB2831_64.dll
         _ThunkImpl/ is implemented for X86 only!
         MainFrm.cpp
         _WIN32_WINNT not defined. Defaulting to _WIN32_WINNT_MAXVER (see WinSDKVer.h)
         ======== Welcome to use our art company's products!
         ======== Automatically linking with USB2831_64.dll...
         ======== Successfully linked with USB2831_64.dll
         _ThunkImpl/ is implemented for X86 only!
         GlobalVar.cpp
         _WIN32_WINNT not defined. Defaulting to _WIN32_WINNT_MAXVER (see WinSDKVer.h)
         ======== Welcome to use our art company's products!
         ======== Automatically linking with USB2831_64.dll...
         ======== Successfully linked with USB2831_64.dll
         _ThunkImpl/ is implemented for X86 only!
         DIOView.cpp
         _WIN32_WINNT not defined. Defaulting to _WIN32_WINNT_MAXVER (see WinSDKVer.h)
         ======== Welcome to use our art company's products!
         ======== Automatically linking with USB2831_64.dll...
         ======== Successfully linked with USB2831_64.dll
         _ThunkImpl/ is implemented for X86 only!
         DIOFrm.cpp
         _WIN32_WINNT not defined. Defaulting to _WIN32_WINNT_MAXVER (see WinSDKVer.h)
         ======== Welcome to use our art company's products!
         ======== Automatically linking with USB2831_64.dll...
         ======== Successfully linked with USB2831_64.dll
         _ThunkImpl/ is implemented for X86 only!
         DIODoc.cpp
         _WIN32_WINNT not defined. Defaulting to _WIN32_WINNT_MAXVER (see WinSDKVer.h)
         ======== Welcome to use our art company's products!
         ======== Automatically linking with USB2831_64.dll...
         ======== Successfully linked with USB2831_64.dll
         _ThunkImpl/ is implemented for X86 only!
         DAView.cpp
         _WIN32_WINNT not defined. Defaulting to _WIN32_WINNT_MAXVER (see WinSDKVer.h)
         ======== Welcome to use our art company's products!
         ======== Automatically linking with USB2831_64.dll...
         ======== Successfully linked with USB2831_64.dll
         _ThunkImpl/ is implemented for X86 only!
         DAFrm.cpp
         _WIN32_WINNT not defined. Defaulting to _WIN32_WINNT_MAXVER (see WinSDKVer.h)
         ======== Welcome to use our art company's products!
         ======== Automatically linking with USB2831_64.dll...
         ======== Successfully linked with USB2831_64.dll
         _ThunkImpl/ is implemented for X86 only!
         DADoc.cpp
         _WIN32_WINNT not defined. Defaulting to _WIN32_WINNT_MAXVER (see WinSDKVer.h)
         ======== Welcome to use our art company's products!
         ======== Automatically linking with USB2831_64.dll...
         ======== Successfully linked with USB2831_64.dll
         _ThunkImpl/ is implemented for X86 only!
         CfgTabCtrlBar.cpp
         _WIN32_WINNT not defined. Defaulting to _WIN32_WINNT_MAXVER (see WinSDKVer.h)
         ======== Welcome to use our art company's products!
         ======== Automatically linking with USB2831_64.dll...
         ======== Successfully linked with USB2831_64.dll
         _ThunkImpl/ is implemented for X86 only!
         CfgCtrlBar.cpp
         _WIN32_WINNT not defined. Defaulting to _WIN32_WINNT_MAXVER (see WinSDKVer.h)
         ======== Welcome to use our art company's products!
         ======== Automatically linking with USB2831_64.dll...
         ======== Successfully linked with USB2831_64.dll
         _ThunkImpl/ is implemented for X86 only!
         BalloonHelp.cpp
         _WIN32_WINNT not defined. Defaulting to _WIN32_WINNT_MAXVER (see WinSDKVer.h)
         ======== Welcome to use our art company's products!
         ======== Automatically linking with USB2831_64.dll...
         ======== Successfully linked with USB2831_64.dll
         _ThunkImpl/ is implemented for X86 only!
         ADWaveView.cpp
         _WIN32_WINNT not defined. Defaulting to _WIN32_WINNT_MAXVER (see WinSDKVer.h)
         ======== Welcome to use our art company's products!
         ======== Automatically linking with USB2831_64.dll...
         ======== Successfully linked with USB2831_64.dll
         _ThunkImpl/ is implemented for X86 only!
         Generating Code...
         Compiling...
         ADThread.cpp
         _WIN32_WINNT not defined. Defaulting to _WIN32_WINNT_MAXVER (see WinSDKVer.h)
         ======== Welcome to use our art company's products!
         ======== Automatically linking with USB2831_64.dll...
         ======== Successfully linked with USB2831_64.dll
         _ThunkImpl/ is implemented for X86 only!
         ADStatusView.cpp
         _WIN32_WINNT not defined. Defaulting to _WIN32_WINNT_MAXVER (see WinSDKVer.h)
         ======== Welcome to use our art company's products!
         ======== Automatically linking with USB2831_64.dll...
         ======== Successfully linked with USB2831_64.dll
         _ThunkImpl/ is implemented for X86 only!
         ADScopeCtrl.cpp
         _WIN32_WINNT not defined. Defaulting to _WIN32_WINNT_MAXVER (see WinSDKVer.h)
         ======== Welcome to use our art company's products!
         ======== Automatically linking with USB2831_64.dll...
         ======== Successfully linked with USB2831_64.dll
         _ThunkImpl/ is implemented for X86 only!
         ADParaCfgView.cpp
         _WIN32_WINNT not defined. Defaulting to _WIN32_WINNT_MAXVER (see WinSDKVer.h)
         ======== Welcome to use our art company's products!
         ======== Automatically linking with USB2831_64.dll...
         ======== Successfully linked with USB2831_64.dll
         _ThunkImpl/ is implemented for X86 only!
         ADHistWaveView.cpp
         _WIN32_WINNT not defined. Defaulting to _WIN32_WINNT_MAXVER (see WinSDKVer.h)
         ======== Welcome to use our art company's products!
         ======== Automatically linking with USB2831_64.dll...
         ======== Successfully linked with USB2831_64.dll
         _ThunkImpl/ is implemented for X86 only!
         ADHistScope.cpp
         _WIN32_WINNT not defined. Defaulting to _WIN32_WINNT_MAXVER (see WinSDKVer.h)
         ======== Welcome to use our art company's products!
         ======== Automatically linking with USB2831_64.dll...
         ======== Successfully linked with USB2831_64.dll
         _ThunkImpl/ is implemented for X86 only!
         ADHistFrm.cpp
         _WIN32_WINNT not defined. Defaulting to _WIN32_WINNT_MAXVER (see WinSDKVer.h)
         ======== Welcome to use our art company's products!
         ======== Automatically linking with USB2831_64.dll...
         ======== Successfully linked with USB2831_64.dll
         _ThunkImpl/ is implemented for X86 only!
         ADHistDoc.cpp
         _WIN32_WINNT not defined. Defaulting to _WIN32_WINNT_MAXVER (see WinSDKVer.h)
         ======== Welcome to use our art company's products!
         ======== Automatically linking with USB2831_64.dll...
         ======== Successfully linked with USB2831_64.dll
         _ThunkImpl/ is implemented for X86 only!
         ADHistDigitView.cpp
         _WIN32_WINNT not defined. Defaulting to _WIN32_WINNT_MAXVER (see WinSDKVer.h)
         ======== Welcome to use our art company's products!
         ======== Automatically linking with USB2831_64.dll...
         ======== Successfully linked with USB2831_64.dll
         _ThunkImpl/ is implemented for X86 only!
         ADFrm.cpp
         _WIN32_WINNT not defined. Defaulting to _WIN32_WINNT_MAXVER (see WinSDKVer.h)
         ======== Welcome to use our art company's products!
         ======== Automatically linking with USB2831_64.dll...
         ======== Successfully linked with USB2831_64.dll
         _ThunkImpl/ is implemented for X86 only!
         ADDoc.cpp
         _WIN32_WINNT not defined. Defaulting to _WIN32_WINNT_MAXVER (see WinSDKVer.h)
         ======== Welcome to use our art company's products!
         ======== Automatically linking with USB2831_64.dll...
         ======== Successfully linked with USB2831_64.dll
         _ThunkImpl/ is implemented for X86 only!
         ADDigitView.cpp
         _WIN32_WINNT not defined. Defaulting to _WIN32_WINNT_MAXVER (see WinSDKVer.h)
         ======== Welcome to use our art company's products!
         ======== Automatically linking with USB2831_64.dll...
         ======== Successfully linked with USB2831_64.dll
         _ThunkImpl/ is implemented for X86 only!
         Generating Code...
       ResourceCompile:
         C:\Program Files (x86)\Microsoft SDKs\Windows\v7.0A\bin\rc.exe /D _DEBUG /D _VC80_UPGRADE=0x0600 /D _UNICODE /D UNICODE /l"0x0804" /nologo /fo".\x64\Debug\Sys.res" Sys.rc 
       ManifestResourceCompile:
         C:\Program Files (x86)\Microsoft SDKs\Windows\v7.0A\bin\rc.exe /nologo /fo".\x64\Debug\Sys.exe.embed.manifest.res" .\x64\Debug\Sys_manifest.rc 
     1>C:\Program Files (x86)\MSBuild\Microsoft.Cpp\v4.0\Microsoft.CppBuild.targets(990,5): warning MSB8012: TargetPath(D:\ART\USB2831\Samples\VC\Advanced\.\x64\Debug\Sys.exe) 与 Linker 的 OutputFile 属性值(D:\ART\USB2831\Samples\VC\Advanced\SysDbg_64.exe)不匹配。这可能导致项目生成不正确。若要更正此问题，请确保 $(OutDir)、$(TargetName) 和 $(TargetExt) 属性值与 %(Link.OutputFile) 中指定的值匹配。
     1>C:\Program Files (x86)\MSBuild\Microsoft.Cpp\v4.0\Microsoft.CppBuild.targets(992,5): warning MSB8012: TargetName(Sys) 与 Linker 的 OutputFile 属性值(SysDbg_64)不匹配。这可能导致项目生成不正确。若要更正此问题，请确保 $(OutDir)、$(TargetName) 和 $(TargetExt) 属性值与 %(Link.OutputFile) 中指定的值匹配。
       Link:
         d:\Program Files (x86)\Microsoft Visual Studio 10.0\VC\bin\x86_amd64\link.exe /ERRORREPORT:PROMPT /OUT:"./SysDbg_64.exe" /INCREMENTAL /NOLOGO /MANIFEST /ManifestFile:".\x64\Debug\Sys.exe.intermediate.manifest" /MANIFESTUAC:"level='asInvoker' uiAccess='false'" /DEBUG /PDB:"D:\ART\USB2831\Samples\VC\Advanced\x64\Debug\Sys.pdb" /SUBSYSTEM:WINDOWS /TLBID:1 /ENTRY:"wWinMainCRTStartup" /DYNAMICBASE /NXCOMPAT /IMPLIB:".\x64\Debug\Sys.lib" /MACHINE:X64 .\x64\Debug\Sys.res
         .\x64\Debug\Sys.exe.embed.manifest.res
         .\x64\Debug\ADDigitView.obj
         .\x64\Debug\ADDoc.obj
         .\x64\Debug\ADFrm.obj
         .\x64\Debug\ADHistDigitView.obj
         .\x64\Debug\ADHistDoc.obj
         .\x64\Debug\ADHistFrm.obj
         .\x64\Debug\ADHistScope.obj
         .\x64\Debug\ADHistWaveView.obj
         .\x64\Debug\ADParaCfgView.obj
         .\x64\Debug\ADScopeCtrl.obj
         .\x64\Debug\ADStatusView.obj
         .\x64\Debug\ADThread.obj
         .\x64\Debug\ADWaveView.obj
         .\x64\Debug\BalloonHelp.obj
         .\x64\Debug\CfgCtrlBar.obj
         .\x64\Debug\CfgTabCtrlBar.obj
         .\x64\Debug\DADoc.obj
         .\x64\Debug\DAFrm.obj
         .\x64\Debug\DAView.obj
         .\x64\Debug\DIODoc.obj
         .\x64\Debug\DIOFrm.obj
         .\x64\Debug\DIOView.obj
         .\x64\Debug\GlobalVar.obj
         .\x64\Debug\MainFrm.obj
         .\x64\Debug\MdiClient.obj
         .\x64\Debug\MTabWnd.obj
         .\x64\Debug\PopupMenu.obj
         .\x64\Debug\QSortData.obj
         .\x64\Debug\StdAfx.obj
         .\x64\Debug\Sys.obj
         .\x64\Debug\TabCtrlBarDoc.obj
         .\x64\Debug\TabCtrlDoc.obj
     1>C:\Program Files (x86)\MSBuild\Microsoft.Cpp\v4.0\Platforms\x64\Microsoft.Cpp.x64.Targets(265,5): error MSB6006: “link.exe”已退出，代码为 1。
     1>已完成生成项目“D:\ART\USB2831\Samples\VC\Advanced\Sys.vcxproj”(build 个目标)的操作 - 失败。

生成失败。

已用时间 00:00:43.17
