生成启动时间为 2016/6/2 23:51:49。
     1>项目“D:\ART\USB2831\Samples\VC\Advanced\Sys.vcxproj”在节点 2 上(build 个目标)。
     1>InitializeBuildStatus:
         正在对“.\x64\Release\Sys.unsuccessfulbuild”执行 Touch 任务。
       ClCompile:
         d:\Program Files (x86)\Microsoft Visual Studio 10.0\VC\bin\x86_amd64\CL.exe /c /Zi /nologo /W3 /WX- /O2 /Ob1 /D WIN32 /D NDEBUG /D _WINDOWS /D _VC80_UPGRADE=0x0600 /D _UNICODE /D UNICODE /GF /Gm- /EHsc /MT /GS /Gy /fp:precise /Zc:wchar_t /Zc:forScope /Yc"stdafx.h" /Fp".\x64\Release\Sys.pch" /Fo".\x64\Release\\" /Fd".\x64\Release\vc100.pdb" /Gd /TP /errorReport:prompt ADDigitView.cpp ADDoc.cpp ADFrm.cpp ADHistDigitView.cpp ADHistDoc.cpp ADHistFrm.cpp ADHistScope.cpp ADHistWaveView.cpp ADParaCfgView.cpp ADScopeCtrl.cpp ADStatusView.cpp ADThread.cpp ADWaveView.cpp BalloonHelp.cpp CfgCtrlBar.cpp CfgTabCtrlBar.cpp DADoc.cpp DAFrm.cpp DAView.cpp DIODoc.cpp DIOFrm.cpp DIOView.cpp GlobalVar.cpp MTabWnd.cpp MainFrm.cpp MdiClient.cpp PopupMenu.cpp QSortData.cpp StdAfx.cpp
         ADDigitView.cpp
         ADDoc.cpp
         ADFrm.cpp
         ADHistDigitView.cpp
         ADHistDoc.cpp
         ADHistFrm.cpp
         ADHistScope.cpp
         ADHistWaveView.cpp
         ADParaCfgView.cpp
         ADScopeCtrl.cpp
         ADStatusView.cpp
         ADThread.cpp
         ADWaveView.cpp
         BalloonHelp.cpp
         CfgCtrlBar.cpp
         CfgTabCtrlBar.cpp
         DADoc.cpp
         DAFrm.cpp
         DAView.cpp
         DIODoc.cpp
         DIOFrm.cpp
         DIOView.cpp
         GlobalVar.cpp
         MTabWnd.cpp
         MainFrm.cpp
         MdiClient.cpp
         PopupMenu.cpp
         QSortData.cpp
         StdAfx.cpp
       ResourceCompile:
         所有输出均为最新。
     1>C:\Program Files (x86)\MSBuild\Microsoft.Cpp\v4.0\Microsoft.CppBuild.targets(990,5): warning MSB8012: TargetPath(D:\ART\USB2831\Samples\VC\Advanced\.\x64\Release\Sys.exe) 与 Linker 的 OutputFile 属性值(D:\ART\USB2831\Samples\VC\Advanced\Sys_64.exe)不匹配。这可能导致项目生成不正确。若要更正此问题，请确保 $(OutDir)、$(TargetName) 和 $(TargetExt) 属性值与 %(Link.OutputFile) 中指定的值匹配。
     1>C:\Program Files (x86)\MSBuild\Microsoft.Cpp\v4.0\Microsoft.CppBuild.targets(992,5): warning MSB8012: TargetName(Sys) 与 Linker 的 OutputFile 属性值(Sys_64)不匹配。这可能导致项目生成不正确。若要更正此问题，请确保 $(OutDir)、$(TargetName) 和 $(TargetExt) 属性值与 %(Link.OutputFile) 中指定的值匹配。
       Link:
         d:\Program Files (x86)\Microsoft Visual Studio 10.0\VC\bin\x86_amd64\link.exe /ERRORREPORT:PROMPT /OUT:"./Sys_64.exe" /INCREMENTAL:NO /NOLOGO /MANIFEST /ManifestFile:".\x64\Release\Sys.exe.intermediate.manifest" /MANIFESTUAC:NO /PDB:"D:\ART\USB2831\Samples\VC\Advanced\x64\Release\Sys.pdb" /SUBSYSTEM:WINDOWS /TLBID:1 /ENTRY:"wWinMainCRTStartup" /DYNAMICBASE /NXCOMPAT /IMPLIB:".\x64\Release\Sys.lib" /MACHINE:X64 .\x64\Release\Sys.res
         .\x64\Release\ADDigitView.obj
         .\x64\Release\ADDoc.obj
         .\x64\Release\ADFrm.obj
         .\x64\Release\ADHistDigitView.obj
         .\x64\Release\ADHistDoc.obj
         .\x64\Release\ADHistFrm.obj
         .\x64\Release\ADHistScope.obj
         .\x64\Release\ADHistWaveView.obj
         .\x64\Release\ADParaCfgView.obj
         .\x64\Release\ADScopeCtrl.obj
         .\x64\Release\ADStatusView.obj
         .\x64\Release\ADThread.obj
         .\x64\Release\ADWaveView.obj
         .\x64\Release\BalloonHelp.obj
         .\x64\Release\CfgCtrlBar.obj
         .\x64\Release\CfgTabCtrlBar.obj
         .\x64\Release\DADoc.obj
         .\x64\Release\DAFrm.obj
         .\x64\Release\DAView.obj
         .\x64\Release\DIODoc.obj
         .\x64\Release\DIOFrm.obj
         .\x64\Release\DIOView.obj
         .\x64\Release\GlobalVar.obj
         .\x64\Release\MainFrm.obj
         .\x64\Release\MdiClient.obj
         .\x64\Release\MTabWnd.obj
         .\x64\Release\PopupMenu.obj
         .\x64\Release\QSortData.obj
         .\x64\Release\StdAfx.obj
         .\x64\Release\Sys.obj
         .\x64\Release\TabCtrlBarDoc.obj
         .\x64\Release\TabCtrlDoc.obj
         Sys.vcxproj -> D:\ART\USB2831\Samples\VC\Advanced\.\x64\Release\Sys.exe
       Manifest:
         C:\Program Files (x86)\Microsoft SDKs\Windows\v7.0A\bin\mt.exe /nologo /verbose /outputresource:"./Sys_64.exe;#1" /manifest .\x64\Release\Sys.exe.intermediate.manifest rt_manif64.bin "d:\Program Files (x86)\Microsoft Visual Studio 10.0\VC\Include\Manifest\dpiaware.manifest"
       FinalizeBuildStatus:
         正在删除文件“.\x64\Release\Sys.unsuccessfulbuild”。
         正在对“.\x64\Release\Sys.lastbuildstate”执行 Touch 任务。
     1>已完成生成项目“D:\ART\USB2831\Samples\VC\Advanced\Sys.vcxproj”(build 个目标)的操作。

生成成功。

已用时间 00:00:05.78
