D:\ART\USB2831\Samples\VC\Advanced\.\x64\Release\Sys.exe.intermediate.manifest
D:\ART\USB2831\SAMPLES\VC\ADVANCED\SYS_64.EXE
D:\ART\USB2831\SAMPLES\VC\ADVANCED\X64\RELEASE\ADDIGITVIEW.OBJ
D:\ART\USB2831\SAMPLES\VC\ADVANCED\X64\RELEASE\ADDOC.OBJ
D:\ART\USB2831\SAMPLES\VC\ADVANCED\X64\RELEASE\ADFRM.OBJ
D:\ART\USB2831\SAMPLES\VC\ADVANCED\X64\RELEASE\ADHISTDIGITVIEW.OBJ
D:\ART\USB2831\SAMPLES\VC\ADVANCED\X64\RELEASE\ADHISTDOC.OBJ
D:\ART\USB2831\SAMPLES\VC\ADVANCED\X64\RELEASE\ADHISTFRM.OBJ
D:\ART\USB2831\SAMPLES\VC\ADVANCED\X64\RELEASE\ADHISTSCOPE.OBJ
D:\ART\USB2831\SAMPLES\VC\ADVANCED\X64\RELEASE\ADHISTWAVEVIEW.OBJ
D:\ART\USB2831\SAMPLES\VC\ADVANCED\X64\RELEASE\ADPARACFGVIEW.OBJ
D:\ART\USB2831\SAMPLES\VC\ADVANCED\X64\RELEASE\ADSCOPECTRL.OBJ
D:\ART\USB2831\SAMPLES\VC\ADVANCED\X64\RELEASE\ADSTATUSVIEW.OBJ
D:\ART\USB2831\SAMPLES\VC\ADVANCED\X64\RELEASE\ADTHREAD.OBJ
D:\ART\USB2831\SAMPLES\VC\ADVANCED\X64\RELEASE\ADWAVEVIEW.OBJ
D:\ART\USB2831\SAMPLES\VC\ADVANCED\X64\RELEASE\BALLOONHELP.OBJ
D:\ART\USB2831\SAMPLES\VC\ADVANCED\X64\RELEASE\CFGCTRLBAR.OBJ
D:\ART\USB2831\SAMPLES\VC\ADVANCED\X64\RELEASE\CFGTABCTRLBAR.OBJ
D:\ART\USB2831\Samples\VC\Advanced\x64\Release\cl.command.1.tlog
D:\ART\USB2831\Samples\VC\Advanced\x64\Release\CL.read.1.tlog
D:\ART\USB2831\Samples\VC\Advanced\x64\Release\CL.write.1.tlog
D:\ART\USB2831\SAMPLES\VC\ADVANCED\X64\RELEASE\DADOC.OBJ
D:\ART\USB2831\SAMPLES\VC\ADVANCED\X64\RELEASE\DAFRM.OBJ
D:\ART\USB2831\SAMPLES\VC\ADVANCED\X64\RELEASE\DAVIEW.OBJ
D:\ART\USB2831\SAMPLES\VC\ADVANCED\X64\RELEASE\DIODOC.OBJ
D:\ART\USB2831\SAMPLES\VC\ADVANCED\X64\RELEASE\DIOFRM.OBJ
D:\ART\USB2831\SAMPLES\VC\ADVANCED\X64\RELEASE\DIOVIEW.OBJ
D:\ART\USB2831\SAMPLES\VC\ADVANCED\X64\RELEASE\GLOBALVAR.OBJ
D:\ART\USB2831\Samples\VC\Advanced\x64\Release\link.command.1.tlog
D:\ART\USB2831\Samples\VC\Advanced\x64\Release\link.read.1.tlog
D:\ART\USB2831\Samples\VC\Advanced\x64\Release\link.write.1.tlog
D:\ART\USB2831\Samples\VC\Advanced\x64\Release\link-cvtres.read.1.tlog
D:\ART\USB2831\Samples\VC\Advanced\x64\Release\link-cvtres.write.1.tlog
D:\ART\USB2831\SAMPLES\VC\ADVANCED\X64\RELEASE\MAINFRM.OBJ
D:\ART\USB2831\SAMPLES\VC\ADVANCED\X64\RELEASE\MDICLIENT.OBJ
D:\ART\USB2831\Samples\VC\Advanced\x64\Release\mt.command.1.tlog
D:\ART\USB2831\Samples\VC\Advanced\x64\Release\mt.read.1.tlog
D:\ART\USB2831\Samples\VC\Advanced\x64\Release\mt.write.1.tlog
D:\ART\USB2831\SAMPLES\VC\ADVANCED\X64\RELEASE\MTABWND.OBJ
D:\ART\USB2831\SAMPLES\VC\ADVANCED\X64\RELEASE\POPUPMENU.OBJ
D:\ART\USB2831\SAMPLES\VC\ADVANCED\X64\RELEASE\QSORTDATA.OBJ
D:\ART\USB2831\Samples\VC\Advanced\x64\Release\rc.command.1.tlog
D:\ART\USB2831\Samples\VC\Advanced\x64\Release\rc.read.1.tlog
D:\ART\USB2831\Samples\VC\Advanced\x64\Release\rc.write.1.tlog
D:\ART\USB2831\SAMPLES\VC\ADVANCED\X64\RELEASE\STDAFX.OBJ
D:\ART\USB2831\SAMPLES\VC\ADVANCED\X64\RELEASE\SYS.EXE.INTERMEDIATE.MANIFEST
D:\ART\USB2831\SAMPLES\VC\ADVANCED\X64\RELEASE\SYS.OBJ
D:\ART\USB2831\SAMPLES\VC\ADVANCED\X64\RELEASE\SYS.PCH
D:\ART\USB2831\SAMPLES\VC\ADVANCED\X64\RELEASE\SYS.RES
D:\ART\USB2831\Samples\VC\Advanced\x64\Release\Sys.vcxprojResolveAssemblyReference.cache
D:\ART\USB2831\Samples\VC\Advanced\x64\Release\Sys.write.1.tlog
D:\ART\USB2831\SAMPLES\VC\ADVANCED\X64\RELEASE\TABCTRLBARDOC.OBJ
D:\ART\USB2831\SAMPLES\VC\ADVANCED\X64\RELEASE\TABCTRLDOC.OBJ
D:\ART\USB2831\SAMPLES\VC\ADVANCED\X64\RELEASE\VC100.PDB
